22-Jun-2025 16:09:28.526 정보 [main] org.apache.catalina.core.ApplicationContext.log 1 Spring WebApplicationInitializers detected on classpath
22-Jun-2025 16:09:28.623 정보 [main] org.apache.catalina.core.ApplicationContext.log Initializing Spring DispatcherServlet 'dispatcher'
22-Jun-2025 16:09:30.326 정보 [main] org.apache.catalina.core.ApplicationContext.log ContextListener: contextInitialized()
22-Jun-2025 16:09:30.327 정보 [main] org.apache.catalina.core.ApplicationContext.log SessionListener: contextInitialized()
22-Jun-2025 16:09:30.330 정보 [main] org.apache.catalina.core.ApplicationContext.log ContextListener: attributeAdded('StockTicker', 'async.Stockticker@18d1d137')
22-Jun-2025 16:09:30.500 정보 [main] org.apache.catalina.core.ApplicationContext.log Destroying Spring FrameworkServlet 'dispatcher'
22-Jun-2025 16:09:30.528 정보 [main] org.apache.catalina.core.ApplicationContext.log SessionListener: contextDestroyed()
22-Jun-2025 16:09:30.528 정보 [main] org.apache.catalina.core.ApplicationContext.log ContextListener: contextDestroyed()
22-Jun-2025 16:10:04.470 정보 [main] org.apache.catalina.core.ApplicationContext.log Destroying Spring FrameworkServlet 'dispatcher'
22-Jun-2025 16:10:04.507 정보 [main] org.apache.catalina.core.ApplicationContext.log SessionListener: contextDestroyed()
22-Jun-2025 16:10:04.508 정보 [main] org.apache.catalina.core.ApplicationContext.log ContextListener: contextDestroyed()
22-Jun-2025 16:10:20.558 정보 [main] org.apache.catalina.core.ApplicationContext.log 1 Spring WebApplicationInitializers detected on classpath
22-Jun-2025 16:10:20.655 정보 [main] org.apache.catalina.core.ApplicationContext.log Initializing Spring DispatcherServlet 'dispatcher'
22-Jun-2025 16:10:22.357 정보 [main] org.apache.catalina.core.ApplicationContext.log ContextListener: contextInitialized()
22-Jun-2025 16:10:22.358 정보 [main] org.apache.catalina.core.ApplicationContext.log SessionListener: contextInitialized()
22-Jun-2025 16:10:22.359 정보 [main] org.apache.catalina.core.ApplicationContext.log ContextListener: attributeAdded('StockTicker', 'async.Stockticker@208185c0')
22-Jun-2025 16:11:47.413 정보 [http-nio-8088-exec-2] org.apache.catalina.core.ApplicationContext.log Destroying Spring FrameworkServlet 'dispatcher'
22-Jun-2025 16:11:49.091 정보 [http-nio-8088-exec-11] org.apache.catalina.core.ApplicationContext.log 1 Spring WebApplicationInitializers detected on classpath
22-Jun-2025 16:11:49.132 정보 [http-nio-8088-exec-11] org.apache.catalina.core.ApplicationContext.log Initializing Spring DispatcherServlet 'dispatcher'
22-Jun-2025 16:11:50.113 정보 [http-nio-8088-exec-4] org.apache.catalina.core.ApplicationContext.log Destroying Spring FrameworkServlet 'dispatcher'
22-Jun-2025 16:11:51.600 정보 [http-nio-8088-exec-12] org.apache.catalina.core.ApplicationContext.log 1 Spring WebApplicationInitializers detected on classpath
22-Jun-2025 16:11:51.640 정보 [http-nio-8088-exec-12] org.apache.catalina.core.ApplicationContext.log Initializing Spring DispatcherServlet 'dispatcher'
22-Jun-2025 16:17:29.016 정보 [http-nio-8088-exec-1] org.apache.catalina.core.ApplicationContext.log Destroying Spring FrameworkServlet 'dispatcher'
22-Jun-2025 16:17:30.420 정보 [http-nio-8088-exec-16] org.apache.catalina.core.ApplicationContext.log 1 Spring WebApplicationInitializers detected on classpath
22-Jun-2025 16:17:30.457 정보 [http-nio-8088-exec-16] org.apache.catalina.core.ApplicationContext.log Initializing Spring DispatcherServlet 'dispatcher'
22-Jun-2025 16:17:31.557 정보 [http-nio-8088-exec-17] org.apache.catalina.core.ApplicationContext.log Destroying Spring FrameworkServlet 'dispatcher'
22-Jun-2025 16:17:33.030 정보 [http-nio-8088-exec-13] org.apache.catalina.core.ApplicationContext.log 1 Spring WebApplicationInitializers detected on classpath
22-Jun-2025 16:17:33.066 정보 [http-nio-8088-exec-13] org.apache.catalina.core.ApplicationContext.log Initializing Spring DispatcherServlet 'dispatcher'
22-Jun-2025 16:21:29.235 정보 [http-nio-8088-exec-31] org.apache.catalina.core.ApplicationContext.log Destroying Spring FrameworkServlet 'dispatcher'
22-Jun-2025 16:21:30.610 정보 [http-nio-8088-exec-23] org.apache.catalina.core.ApplicationContext.log 1 Spring WebApplicationInitializers detected on classpath
22-Jun-2025 16:21:30.652 정보 [http-nio-8088-exec-23] org.apache.catalina.core.ApplicationContext.log Initializing Spring DispatcherServlet 'dispatcher'
22-Jun-2025 16:21:31.608 정보 [http-nio-8088-exec-28] org.apache.catalina.core.ApplicationContext.log Destroying Spring FrameworkServlet 'dispatcher'
22-Jun-2025 16:21:32.968 정보 [http-nio-8088-exec-22] org.apache.catalina.core.ApplicationContext.log 1 Spring WebApplicationInitializers detected on classpath
22-Jun-2025 16:21:33.011 정보 [http-nio-8088-exec-22] org.apache.catalina.core.ApplicationContext.log Initializing Spring DispatcherServlet 'dispatcher'
22-Jun-2025 16:26:29.264 정보 [http-nio-8088-exec-43] org.apache.catalina.core.ApplicationContext.log Destroying Spring FrameworkServlet 'dispatcher'
22-Jun-2025 16:26:30.746 정보 [http-nio-8088-exec-42] org.apache.catalina.core.ApplicationContext.log 1 Spring WebApplicationInitializers detected on classpath
22-Jun-2025 16:26:30.787 정보 [http-nio-8088-exec-42] org.apache.catalina.core.ApplicationContext.log Initializing Spring DispatcherServlet 'dispatcher'
22-Jun-2025 16:26:31.629 정보 [http-nio-8088-exec-37] org.apache.catalina.core.ApplicationContext.log Destroying Spring FrameworkServlet 'dispatcher'
22-Jun-2025 16:26:32.970 정보 [http-nio-8088-exec-43] org.apache.catalina.core.ApplicationContext.log 1 Spring WebApplicationInitializers detected on classpath
22-Jun-2025 16:26:33.007 정보 [http-nio-8088-exec-43] org.apache.catalina.core.ApplicationContext.log Initializing Spring DispatcherServlet 'dispatcher'
22-Jun-2025 16:33:29.723 정보 [http-nio-8088-exec-47] org.apache.catalina.core.ApplicationContext.log Destroying Spring FrameworkServlet 'dispatcher'
22-Jun-2025 16:33:31.095 정보 [http-nio-8088-exec-37] org.apache.catalina.core.ApplicationContext.log 1 Spring WebApplicationInitializers detected on classpath
22-Jun-2025 16:33:31.134 정보 [http-nio-8088-exec-37] org.apache.catalina.core.ApplicationContext.log Initializing Spring DispatcherServlet 'dispatcher'
22-Jun-2025 16:33:31.974 정보 [http-nio-8088-exec-51] org.apache.catalina.core.ApplicationContext.log Destroying Spring FrameworkServlet 'dispatcher'
22-Jun-2025 16:33:33.257 정보 [http-nio-8088-exec-50] org.apache.catalina.core.ApplicationContext.log 1 Spring WebApplicationInitializers detected on classpath
22-Jun-2025 16:33:33.298 정보 [http-nio-8088-exec-50] org.apache.catalina.core.ApplicationContext.log Initializing Spring DispatcherServlet 'dispatcher'
22-Jun-2025 17:28:48.689 정보 [http-nio-8088-exec-63] org.apache.catalina.core.ApplicationContext.log Destroying Spring FrameworkServlet 'dispatcher'
22-Jun-2025 17:28:49.828 정보 [http-nio-8088-exec-60] org.apache.catalina.core.ApplicationContext.log 1 Spring WebApplicationInitializers detected on classpath
22-Jun-2025 17:28:49.859 정보 [http-nio-8088-exec-60] org.apache.catalina.core.ApplicationContext.log Initializing Spring DispatcherServlet 'dispatcher'
22-Jun-2025 17:28:50.581 정보 [http-nio-8088-exec-65] org.apache.catalina.core.ApplicationContext.log Destroying Spring FrameworkServlet 'dispatcher'
22-Jun-2025 17:28:51.671 정보 [http-nio-8088-exec-57] org.apache.catalina.core.ApplicationContext.log 1 Spring WebApplicationInitializers detected on classpath
22-Jun-2025 17:28:51.701 정보 [http-nio-8088-exec-57] org.apache.catalina.core.ApplicationContext.log Initializing Spring DispatcherServlet 'dispatcher'
22-Jun-2025 20:29:28.779 정보 [Thread-1] org.apache.catalina.core.ApplicationContext.log Destroying Spring FrameworkServlet 'dispatcher'
22-Jun-2025 20:29:28.897 정보 [Thread-1] org.apache.catalina.core.ApplicationContext.log SessionListener: contextDestroyed()
22-Jun-2025 20:29:28.898 정보 [Thread-1] org.apache.catalina.core.ApplicationContext.log ContextListener: contextDestroyed()
