15-Jun-2025 15:34:49.152 정보 [main] org.apache.catalina.core.ApplicationContext.log ContextListener: contextInitialized()
15-Jun-2025 15:34:49.152 정보 [main] org.apache.catalina.core.ApplicationContext.log SessionListener: contextInitialized()
15-Jun-2025 15:34:49.156 정보 [main] org.apache.catalina.core.ApplicationContext.log ContextListener: attributeAdded('StockTicker', 'async.Stockticker@2472c7d8')
15-Jun-2025 15:35:34.270 정보 [main] org.apache.catalina.core.ApplicationContext.log SessionListener: contextDestroyed()
15-Jun-2025 15:35:34.270 정보 [main] org.apache.catalina.core.ApplicationContext.log ContextListener: contextDestroyed()
15-Jun-2025 15:37:34.755 정보 [main] org.apache.catalina.core.ApplicationContext.log ContextListener: contextInitialized()
15-Jun-2025 15:37:34.756 정보 [main] org.apache.catalina.core.ApplicationContext.log SessionListener: contextInitialized()
15-Jun-2025 15:37:34.761 정보 [main] org.apache.catalina.core.ApplicationContext.log ContextListener: attributeAdded('StockTicker', 'async.Stockticker@41c62850')
15-Jun-2025 16:03:56.386 정보 [main] org.apache.catalina.core.ApplicationContext.log ContextListener: contextInitialized()
15-Jun-2025 16:03:56.387 정보 [main] org.apache.catalina.core.ApplicationContext.log SessionListener: contextInitialized()
15-Jun-2025 16:03:56.391 정보 [main] org.apache.catalina.core.ApplicationContext.log ContextListener: attributeAdded('StockTicker', 'async.Stockticker@2472c7d8')
15-Jun-2025 16:03:56.516 정보 [main] org.apache.catalina.core.ApplicationContext.log SessionListener: contextDestroyed()
15-Jun-2025 16:03:56.517 정보 [main] org.apache.catalina.core.ApplicationContext.log ContextListener: contextDestroyed()
15-Jun-2025 16:04:01.856 정보 [main] org.apache.catalina.core.ApplicationContext.log SessionListener: contextDestroyed()
15-Jun-2025 16:04:01.857 정보 [main] org.apache.catalina.core.ApplicationContext.log ContextListener: contextDestroyed()
15-Jun-2025 16:04:07.232 정보 [main] org.apache.catalina.core.ApplicationContext.log ContextListener: contextInitialized()
15-Jun-2025 16:04:07.232 정보 [main] org.apache.catalina.core.ApplicationContext.log SessionListener: contextInitialized()
15-Jun-2025 16:04:07.236 정보 [main] org.apache.catalina.core.ApplicationContext.log ContextListener: attributeAdded('StockTicker', 'async.Stockticker@5298dead')
15-Jun-2025 16:06:12.058 정보 [http-nio-8088-exec-2] org.apache.catalina.core.ApplicationContext.log 1 Spring WebApplicationInitializers detected on classpath
15-Jun-2025 16:06:12.107 정보 [http-nio-8088-exec-2] org.apache.catalina.core.ApplicationContext.log Initializing Spring DispatcherServlet 'dispatcher'
15-Jun-2025 16:16:36.761 정보 [http-nio-8088-exec-9] org.apache.catalina.core.ApplicationContext.log Destroying Spring FrameworkServlet 'dispatcher'
15-Jun-2025 16:16:38.356 정보 [http-nio-8088-exec-6] org.apache.catalina.core.ApplicationContext.log 1 Spring WebApplicationInitializers detected on classpath
15-Jun-2025 16:16:38.387 정보 [http-nio-8088-exec-6] org.apache.catalina.core.ApplicationContext.log Initializing Spring DispatcherServlet 'dispatcher'
15-Jun-2025 16:17:09.428 정보 [http-nio-8088-exec-10] org.apache.catalina.core.ApplicationContext.log Destroying Spring FrameworkServlet 'dispatcher'
15-Jun-2025 16:17:11.027 정보 [http-nio-8088-exec-7] org.apache.catalina.core.ApplicationContext.log 1 Spring WebApplicationInitializers detected on classpath
15-Jun-2025 16:17:11.066 정보 [http-nio-8088-exec-7] org.apache.catalina.core.ApplicationContext.log Initializing Spring DispatcherServlet 'dispatcher'
15-Jun-2025 16:17:26.776 정보 [http-nio-8088-exec-3] org.apache.catalina.core.ApplicationContext.log Destroying Spring FrameworkServlet 'dispatcher'
15-Jun-2025 16:17:27.984 정보 [http-nio-8088-exec-2] org.apache.catalina.core.ApplicationContext.log 1 Spring WebApplicationInitializers detected on classpath
15-Jun-2025 16:17:28.015 정보 [http-nio-8088-exec-2] org.apache.catalina.core.ApplicationContext.log Initializing Spring DispatcherServlet 'dispatcher'
15-Jun-2025 16:18:59.217 정보 [Catalina-utility-2] org.apache.catalina.core.ApplicationContext.log Destroying Spring FrameworkServlet 'dispatcher'
15-Jun-2025 16:19:06.585 정보 [http-nio-8088-exec-18] org.apache.catalina.core.ApplicationContext.log 1 Spring WebApplicationInitializers detected on classpath
15-Jun-2025 16:19:06.613 정보 [http-nio-8088-exec-18] org.apache.catalina.core.ApplicationContext.log Initializing Spring DispatcherServlet 'dispatcher'
15-Jun-2025 16:36:35.662 정보 [main] org.apache.catalina.core.ApplicationContext.log Destroying Spring FrameworkServlet 'dispatcher'
15-Jun-2025 16:36:35.686 정보 [main] org.apache.catalina.core.ApplicationContext.log SessionListener: contextDestroyed()
15-Jun-2025 16:36:35.686 정보 [main] org.apache.catalina.core.ApplicationContext.log ContextListener: contextDestroyed()
