22-Jun-2025 16:11:47.167 정보 [http-nio-8088-exec-6] org.apache.catalina.core.ApplicationContext.log Manager: init: Associated with Deployer 'Catalina:type=Deployer,host=localhost'
22-Jun-2025 16:11:47.167 정보 [http-nio-8088-exec-6] org.apache.catalina.core.ApplicationContext.log Manager: init: Global resources are available
22-Jun-2025 16:11:47.168 정보 [http-nio-8088-exec-6] org.apache.catalina.core.ApplicationContext.log Manager: list: Listing contexts for virtual host 'localhost'
22-Jun-2025 16:11:47.187 정보 [http-nio-8088-exec-8] org.apache.catalina.core.ApplicationContext.log Manager: deploy: Deploying web application '/sample'
22-Jun-2025 16:11:47.187 정보 [http-nio-8088-exec-8] org.apache.catalina.core.ApplicationContext.log Manager: Uploading WAR file to /Users/itaegjin/study/jenkins/apache-tomcat-9.0.68/webapps/sample.war
22-Jun-2025 16:11:47.396 정보 [http-nio-8088-exec-5] org.apache.catalina.core.ApplicationContext.log Manager: list: Listing contexts for virtual host 'localhost'
22-Jun-2025 16:11:47.401 정보 [http-nio-8088-exec-9] org.apache.catalina.core.ApplicationContext.log Manager: list: Listing contexts for virtual host 'localhost'
22-Jun-2025 16:11:47.406 정보 [http-nio-8088-exec-2] org.apache.catalina.core.ApplicationContext.log Manager: undeploy: Undeploying web application at '/hello-world'
22-Jun-2025 16:11:47.993 정보 [http-nio-8088-exec-11] org.apache.catalina.core.ApplicationContext.log Manager: deploy: Deploying web application '/hello-world'
22-Jun-2025 16:11:47.993 정보 [http-nio-8088-exec-11] org.apache.catalina.core.ApplicationContext.log Manager: Uploading WAR file to /Users/itaegjin/study/jenkins/apache-tomcat-9.0.68/webapps/hello-world.war
22-Jun-2025 16:11:50.095 정보 [http-nio-8088-exec-8] org.apache.catalina.core.ApplicationContext.log Manager: list: Listing contexts for virtual host 'localhost'
22-Jun-2025 16:11:50.102 정보 [http-nio-8088-exec-5] org.apache.catalina.core.ApplicationContext.log Manager: list: Listing contexts for virtual host 'localhost'
22-Jun-2025 16:11:50.107 정보 [http-nio-8088-exec-4] org.apache.catalina.core.ApplicationContext.log Manager: undeploy: Undeploying web application at '/hello-world'
22-Jun-2025 16:11:50.684 정보 [http-nio-8088-exec-12] org.apache.catalina.core.ApplicationContext.log Manager: deploy: Deploying web application '/hello-world'
22-Jun-2025 16:11:50.684 정보 [http-nio-8088-exec-12] org.apache.catalina.core.ApplicationContext.log Manager: Uploading WAR file to /Users/itaegjin/study/jenkins/apache-tomcat-9.0.68/webapps/hello-world.war
22-Jun-2025 16:17:28.285 정보 [http-nio-8088-exec-13] org.apache.catalina.core.ApplicationContext.log Manager: list: Listing contexts for virtual host 'localhost'
22-Jun-2025 16:17:28.291 정보 [http-nio-8088-exec-14] org.apache.catalina.core.ApplicationContext.log Manager: list: Listing contexts for virtual host 'localhost'
22-Jun-2025 16:17:28.294 정보 [http-nio-8088-exec-15] org.apache.catalina.core.ApplicationContext.log Manager: undeploy: Undeploying web application at '/sample'
22-Jun-2025 16:17:28.859 정보 [http-nio-8088-exec-19] org.apache.catalina.core.ApplicationContext.log Manager: deploy: Deploying web application '/sample'
22-Jun-2025 16:17:28.859 정보 [http-nio-8088-exec-19] org.apache.catalina.core.ApplicationContext.log Manager: Uploading WAR file to /Users/itaegjin/study/jenkins/apache-tomcat-9.0.68/webapps/sample.war
22-Jun-2025 16:17:29.000 정보 [http-nio-8088-exec-17] org.apache.catalina.core.ApplicationContext.log Manager: list: Listing contexts for virtual host 'localhost'
22-Jun-2025 16:17:29.005 정보 [http-nio-8088-exec-14] org.apache.catalina.core.ApplicationContext.log Manager: list: Listing contexts for virtual host 'localhost'
22-Jun-2025 16:17:29.010 정보 [http-nio-8088-exec-1] org.apache.catalina.core.ApplicationContext.log Manager: undeploy: Undeploying web application at '/hello-world'
22-Jun-2025 16:17:29.577 정보 [http-nio-8088-exec-16] org.apache.catalina.core.ApplicationContext.log Manager: deploy: Deploying web application '/hello-world'
22-Jun-2025 16:17:29.578 정보 [http-nio-8088-exec-16] org.apache.catalina.core.ApplicationContext.log Manager: Uploading WAR file to /Users/itaegjin/study/jenkins/apache-tomcat-9.0.68/webapps/hello-world.war
22-Jun-2025 16:17:31.542 정보 [http-nio-8088-exec-4] org.apache.catalina.core.ApplicationContext.log Manager: list: Listing contexts for virtual host 'localhost'
22-Jun-2025 16:17:31.547 정보 [http-nio-8088-exec-14] org.apache.catalina.core.ApplicationContext.log Manager: list: Listing contexts for virtual host 'localhost'
22-Jun-2025 16:17:31.551 정보 [http-nio-8088-exec-17] org.apache.catalina.core.ApplicationContext.log Manager: undeploy: Undeploying web application at '/hello-world'
22-Jun-2025 16:17:32.121 정보 [http-nio-8088-exec-13] org.apache.catalina.core.ApplicationContext.log Manager: deploy: Deploying web application '/hello-world'
22-Jun-2025 16:17:32.121 정보 [http-nio-8088-exec-13] org.apache.catalina.core.ApplicationContext.log Manager: Uploading WAR file to /Users/itaegjin/study/jenkins/apache-tomcat-9.0.68/webapps/hello-world.war
22-Jun-2025 16:21:28.459 정보 [http-nio-8088-exec-22] org.apache.catalina.core.ApplicationContext.log Manager: list: Listing contexts for virtual host 'localhost'
22-Jun-2025 16:21:28.470 정보 [http-nio-8088-exec-30] org.apache.catalina.core.ApplicationContext.log Manager: list: Listing contexts for virtual host 'localhost'
22-Jun-2025 16:21:28.475 정보 [http-nio-8088-exec-24] org.apache.catalina.core.ApplicationContext.log Manager: undeploy: Undeploying web application at '/sample'
22-Jun-2025 16:21:29.026 정보 [http-nio-8088-exec-27] org.apache.catalina.core.ApplicationContext.log Manager: deploy: Deploying web application '/sample'
22-Jun-2025 16:21:29.026 정보 [http-nio-8088-exec-27] org.apache.catalina.core.ApplicationContext.log Manager: Uploading WAR file to /Users/itaegjin/study/jenkins/apache-tomcat-9.0.68/webapps/sample.war
22-Jun-2025 16:21:29.220 정보 [http-nio-8088-exec-22] org.apache.catalina.core.ApplicationContext.log Manager: list: Listing contexts for virtual host 'localhost'
22-Jun-2025 16:21:29.226 정보 [http-nio-8088-exec-30] org.apache.catalina.core.ApplicationContext.log Manager: list: Listing contexts for virtual host 'localhost'
22-Jun-2025 16:21:29.229 정보 [http-nio-8088-exec-31] org.apache.catalina.core.ApplicationContext.log Manager: undeploy: Undeploying web application at '/hello-world'
22-Jun-2025 16:21:29.806 정보 [http-nio-8088-exec-23] org.apache.catalina.core.ApplicationContext.log Manager: deploy: Deploying web application '/hello-world'
22-Jun-2025 16:21:29.806 정보 [http-nio-8088-exec-23] org.apache.catalina.core.ApplicationContext.log Manager: Uploading WAR file to /Users/itaegjin/study/jenkins/apache-tomcat-9.0.68/webapps/hello-world.war
22-Jun-2025 16:21:31.597 정보 [http-nio-8088-exec-29] org.apache.catalina.core.ApplicationContext.log Manager: list: Listing contexts for virtual host 'localhost'
22-Jun-2025 16:21:31.600 정보 [http-nio-8088-exec-30] org.apache.catalina.core.ApplicationContext.log Manager: list: Listing contexts for virtual host 'localhost'
22-Jun-2025 16:21:31.603 정보 [http-nio-8088-exec-28] org.apache.catalina.core.ApplicationContext.log Manager: undeploy: Undeploying web application at '/hello-world'
22-Jun-2025 16:21:32.156 정보 [http-nio-8088-exec-22] org.apache.catalina.core.ApplicationContext.log Manager: deploy: Deploying web application '/hello-world'
22-Jun-2025 16:21:32.157 정보 [http-nio-8088-exec-22] org.apache.catalina.core.ApplicationContext.log Manager: Uploading WAR file to /Users/itaegjin/study/jenkins/apache-tomcat-9.0.68/webapps/hello-world.war
22-Jun-2025 16:26:28.540 정보 [http-nio-8088-exec-34] org.apache.catalina.core.ApplicationContext.log Manager: list: Listing contexts for virtual host 'localhost'
22-Jun-2025 16:26:28.553 정보 [http-nio-8088-exec-35] org.apache.catalina.core.ApplicationContext.log Manager: list: Listing contexts for virtual host 'localhost'
22-Jun-2025 16:26:28.563 정보 [http-nio-8088-exec-36] org.apache.catalina.core.ApplicationContext.log Manager: undeploy: Undeploying web application at '/sample'
22-Jun-2025 16:26:29.114 정보 [http-nio-8088-exec-35] org.apache.catalina.core.ApplicationContext.log Manager: deploy: Deploying web application '/sample'
22-Jun-2025 16:26:29.114 정보 [http-nio-8088-exec-35] org.apache.catalina.core.ApplicationContext.log Manager: Uploading WAR file to /Users/itaegjin/study/jenkins/apache-tomcat-9.0.68/webapps/sample.war
22-Jun-2025 16:26:29.255 정보 [http-nio-8088-exec-40] org.apache.catalina.core.ApplicationContext.log Manager: list: Listing contexts for virtual host 'localhost'
22-Jun-2025 16:26:29.258 정보 [http-nio-8088-exec-42] org.apache.catalina.core.ApplicationContext.log Manager: list: Listing contexts for virtual host 'localhost'
22-Jun-2025 16:26:29.260 정보 [http-nio-8088-exec-43] org.apache.catalina.core.ApplicationContext.log Manager: undeploy: Undeploying web application at '/hello-world'
22-Jun-2025 16:26:29.927 정보 [http-nio-8088-exec-42] org.apache.catalina.core.ApplicationContext.log Manager: deploy: Deploying web application '/hello-world'
22-Jun-2025 16:26:29.928 정보 [http-nio-8088-exec-42] org.apache.catalina.core.ApplicationContext.log Manager: Uploading WAR file to /Users/itaegjin/study/jenkins/apache-tomcat-9.0.68/webapps/hello-world.war
22-Jun-2025 16:26:31.616 정보 [http-nio-8088-exec-35] org.apache.catalina.core.ApplicationContext.log Manager: list: Listing contexts for virtual host 'localhost'
22-Jun-2025 16:26:31.619 정보 [http-nio-8088-exec-40] org.apache.catalina.core.ApplicationContext.log Manager: list: Listing contexts for virtual host 'localhost'
22-Jun-2025 16:26:31.624 정보 [http-nio-8088-exec-37] org.apache.catalina.core.ApplicationContext.log Manager: undeploy: Undeploying web application at '/hello-world'
22-Jun-2025 16:26:32.187 정보 [http-nio-8088-exec-43] org.apache.catalina.core.ApplicationContext.log Manager: deploy: Deploying web application '/hello-world'
22-Jun-2025 16:26:32.187 정보 [http-nio-8088-exec-43] org.apache.catalina.core.ApplicationContext.log Manager: Uploading WAR file to /Users/itaegjin/study/jenkins/apache-tomcat-9.0.68/webapps/hello-world.war
22-Jun-2025 16:33:29.006 정보 [http-nio-8088-exec-46] org.apache.catalina.core.ApplicationContext.log Manager: list: Listing contexts for virtual host 'localhost'
22-Jun-2025 16:33:29.014 정보 [http-nio-8088-exec-47] org.apache.catalina.core.ApplicationContext.log Manager: list: Listing contexts for virtual host 'localhost'
22-Jun-2025 16:33:29.022 정보 [http-nio-8088-exec-49] org.apache.catalina.core.ApplicationContext.log Manager: undeploy: Undeploying web application at '/sample'
22-Jun-2025 16:33:29.568 정보 [http-nio-8088-exec-50] org.apache.catalina.core.ApplicationContext.log Manager: deploy: Deploying web application '/sample'
22-Jun-2025 16:33:29.568 정보 [http-nio-8088-exec-50] org.apache.catalina.core.ApplicationContext.log Manager: Uploading WAR file to /Users/itaegjin/study/jenkins/apache-tomcat-9.0.68/webapps/sample.war
22-Jun-2025 16:33:29.707 정보 [http-nio-8088-exec-35] org.apache.catalina.core.ApplicationContext.log Manager: list: Listing contexts for virtual host 'localhost'
22-Jun-2025 16:33:29.712 정보 [http-nio-8088-exec-52] org.apache.catalina.core.ApplicationContext.log Manager: list: Listing contexts for virtual host 'localhost'
22-Jun-2025 16:33:29.717 정보 [http-nio-8088-exec-47] org.apache.catalina.core.ApplicationContext.log Manager: undeploy: Undeploying web application at '/hello-world'
22-Jun-2025 16:33:30.270 정보 [http-nio-8088-exec-37] org.apache.catalina.core.ApplicationContext.log Manager: deploy: Deploying web application '/hello-world'
22-Jun-2025 16:33:30.270 정보 [http-nio-8088-exec-37] org.apache.catalina.core.ApplicationContext.log Manager: Uploading WAR file to /Users/itaegjin/study/jenkins/apache-tomcat-9.0.68/webapps/hello-world.war
22-Jun-2025 16:33:31.955 정보 [http-nio-8088-exec-52] org.apache.catalina.core.ApplicationContext.log Manager: list: Listing contexts for virtual host 'localhost'
22-Jun-2025 16:33:31.961 정보 [http-nio-8088-exec-46] org.apache.catalina.core.ApplicationContext.log Manager: list: Listing contexts for virtual host 'localhost'
22-Jun-2025 16:33:31.969 정보 [http-nio-8088-exec-51] org.apache.catalina.core.ApplicationContext.log Manager: undeploy: Undeploying web application at '/hello-world'
22-Jun-2025 16:33:32.523 정보 [http-nio-8088-exec-50] org.apache.catalina.core.ApplicationContext.log Manager: deploy: Deploying web application '/hello-world'
22-Jun-2025 16:33:32.523 정보 [http-nio-8088-exec-50] org.apache.catalina.core.ApplicationContext.log Manager: Uploading WAR file to /Users/itaegjin/study/jenkins/apache-tomcat-9.0.68/webapps/hello-world.war
22-Jun-2025 17:28:47.460 정보 [http-nio-8088-exec-58] org.apache.catalina.core.ApplicationContext.log Manager: list: Listing contexts for virtual host 'localhost'
22-Jun-2025 17:28:47.473 정보 [http-nio-8088-exec-60] org.apache.catalina.core.ApplicationContext.log Manager: list: Listing contexts for virtual host 'localhost'
22-Jun-2025 17:28:47.476 정보 [http-nio-8088-exec-62] org.apache.catalina.core.ApplicationContext.log Manager: undeploy: Undeploying web application at '/sample'
22-Jun-2025 17:28:48.528 정보 [http-nio-8088-exec-64] org.apache.catalina.core.ApplicationContext.log Manager: deploy: Deploying web application '/sample'
22-Jun-2025 17:28:48.528 정보 [http-nio-8088-exec-64] org.apache.catalina.core.ApplicationContext.log Manager: Uploading WAR file to /Users/itaegjin/study/jenkins/apache-tomcat-9.0.68/webapps/sample.war
22-Jun-2025 17:28:48.676 정보 [http-nio-8088-exec-59] org.apache.catalina.core.ApplicationContext.log Manager: list: Listing contexts for virtual host 'localhost'
22-Jun-2025 17:28:48.681 정보 [http-nio-8088-exec-58] org.apache.catalina.core.ApplicationContext.log Manager: list: Listing contexts for virtual host 'localhost'
22-Jun-2025 17:28:48.684 정보 [http-nio-8088-exec-63] org.apache.catalina.core.ApplicationContext.log Manager: undeploy: Undeploying web application at '/hello-world'
22-Jun-2025 17:28:49.239 정보 [http-nio-8088-exec-60] org.apache.catalina.core.ApplicationContext.log Manager: deploy: Deploying web application '/hello-world'
22-Jun-2025 17:28:49.239 정보 [http-nio-8088-exec-60] org.apache.catalina.core.ApplicationContext.log Manager: Uploading WAR file to /Users/itaegjin/study/jenkins/apache-tomcat-9.0.68/webapps/hello-world.war
22-Jun-2025 17:28:50.569 정보 [http-nio-8088-exec-57] org.apache.catalina.core.ApplicationContext.log Manager: list: Listing contexts for virtual host 'localhost'
22-Jun-2025 17:28:50.572 정보 [http-nio-8088-exec-58] org.apache.catalina.core.ApplicationContext.log Manager: list: Listing contexts for virtual host 'localhost'
22-Jun-2025 17:28:50.575 정보 [http-nio-8088-exec-65] org.apache.catalina.core.ApplicationContext.log Manager: undeploy: Undeploying web application at '/hello-world'
22-Jun-2025 17:28:51.114 정보 [http-nio-8088-exec-57] org.apache.catalina.core.ApplicationContext.log Manager: deploy: Deploying web application '/hello-world'
22-Jun-2025 17:28:51.114 정보 [http-nio-8088-exec-57] org.apache.catalina.core.ApplicationContext.log Manager: Uploading WAR file to /Users/itaegjin/study/jenkins/apache-tomcat-9.0.68/webapps/hello-world.war
