15-Jun-2025 16:04:28.821 정보 [http-nio-8088-exec-1] org.apache.catalina.core.ApplicationContext.log HTMLManager: init: Associated with Deployer 'Catalina:type=Deployer,host=localhost'
15-Jun-2025 16:04:28.821 정보 [http-nio-8088-exec-1] org.apache.catalina.core.ApplicationContext.log HTMLManager: init: Global resources are available
15-Jun-2025 16:04:28.835 정보 [http-nio-8088-exec-1] org.apache.catalina.core.ApplicationContext.log HTMLManager: list: Listing contexts for virtual host 'localhost'
15-Jun-2025 16:06:10.662 정보 [http-nio-8088-exec-6] org.apache.catalina.core.ApplicationContext.log Manager: init: Associated with Deployer 'Catalina:type=Deployer,host=localhost'
15-Jun-2025 16:06:10.663 정보 [http-nio-8088-exec-6] org.apache.catalina.core.ApplicationContext.log Manager: init: Global resources are available
15-Jun-2025 16:06:10.664 정보 [http-nio-8088-exec-6] org.apache.catalina.core.ApplicationContext.log Manager: list: Listing contexts for virtual host 'localhost'
15-Jun-2025 16:06:10.690 정보 [http-nio-8088-exec-2] org.apache.catalina.core.ApplicationContext.log Manager: deploy: Deploying web application '/hello-world'
15-Jun-2025 16:06:10.690 정보 [http-nio-8088-exec-2] org.apache.catalina.core.ApplicationContext.log Manager: Uploading WAR file to /Users/itaegjin/study/jenkins/apache-tomcat-9.0.68/webapps/hello-world.war
15-Jun-2025 16:16:36.737 정보 [http-nio-8088-exec-8] org.apache.catalina.core.ApplicationContext.log Manager: list: Listing contexts for virtual host 'localhost'
15-Jun-2025 16:16:36.746 정보 [http-nio-8088-exec-8] org.apache.catalina.core.ApplicationContext.log Manager: list: Listing contexts for virtual host 'localhost'
15-Jun-2025 16:16:36.750 정보 [http-nio-8088-exec-9] org.apache.catalina.core.ApplicationContext.log Manager: undeploy: Undeploying web application at '/hello-world'
15-Jun-2025 16:16:37.350 정보 [http-nio-8088-exec-6] org.apache.catalina.core.ApplicationContext.log Manager: deploy: Deploying web application '/hello-world'
15-Jun-2025 16:16:37.350 정보 [http-nio-8088-exec-6] org.apache.catalina.core.ApplicationContext.log Manager: Uploading WAR file to /Users/itaegjin/study/jenkins/apache-tomcat-9.0.68/webapps/hello-world.war
15-Jun-2025 16:17:09.400 정보 [http-nio-8088-exec-4] org.apache.catalina.core.ApplicationContext.log Manager: list: Listing contexts for virtual host 'localhost'
15-Jun-2025 16:17:09.411 정보 [http-nio-8088-exec-1] org.apache.catalina.core.ApplicationContext.log Manager: list: Listing contexts for virtual host 'localhost'
15-Jun-2025 16:17:09.424 정보 [http-nio-8088-exec-10] org.apache.catalina.core.ApplicationContext.log Manager: undeploy: Undeploying web application at '/hello-world'
15-Jun-2025 16:17:10.008 정보 [http-nio-8088-exec-7] org.apache.catalina.core.ApplicationContext.log Manager: deploy: Deploying web application '/hello-world'
15-Jun-2025 16:17:10.009 정보 [http-nio-8088-exec-7] org.apache.catalina.core.ApplicationContext.log Manager: Uploading WAR file to /Users/itaegjin/study/jenkins/apache-tomcat-9.0.68/webapps/hello-world.war
15-Jun-2025 16:17:26.753 정보 [http-nio-8088-exec-12] org.apache.catalina.core.ApplicationContext.log Manager: list: Listing contexts for virtual host 'localhost'
15-Jun-2025 16:17:26.763 정보 [http-nio-8088-exec-13] org.apache.catalina.core.ApplicationContext.log Manager: list: Listing contexts for virtual host 'localhost'
15-Jun-2025 16:17:26.773 정보 [http-nio-8088-exec-3] org.apache.catalina.core.ApplicationContext.log Manager: undeploy: Undeploying web application at '/hello-world'
15-Jun-2025 16:17:27.337 정보 [http-nio-8088-exec-2] org.apache.catalina.core.ApplicationContext.log Manager: deploy: Deploying web application '/hello-world'
15-Jun-2025 16:17:27.337 정보 [http-nio-8088-exec-2] org.apache.catalina.core.ApplicationContext.log Manager: Uploading WAR file to /Users/itaegjin/study/jenkins/apache-tomcat-9.0.68/webapps/hello-world.war
15-Jun-2025 16:19:05.921 정보 [http-nio-8088-exec-15] org.apache.catalina.core.ApplicationContext.log Manager: list: Listing contexts for virtual host 'localhost'
15-Jun-2025 16:19:05.928 정보 [http-nio-8088-exec-18] org.apache.catalina.core.ApplicationContext.log Manager: deploy: Deploying web application '/hello-world'
15-Jun-2025 16:19:05.928 정보 [http-nio-8088-exec-18] org.apache.catalina.core.ApplicationContext.log Manager: Uploading WAR file to /Users/itaegjin/study/jenkins/apache-tomcat-9.0.68/webapps/hello-world.war
15-Jun-2025 16:20:32.095 정보 [http-nio-8088-exec-21] org.apache.catalina.core.ApplicationContext.log HTMLManager: list: Listing contexts for virtual host 'localhost'
